<?xml version="1.0" encoding="UTF-8"?>
<!-- Generated by org.testng.reporters.JUnitReportReporter -->
<testsuite hostname="LAPTOP-ITJRHPCH" failures="0" tests="1" name="com.flipkart_testng.TestNGClass" time="66.887" errors="0" timestamp="2022-12-11T20:17:40 IST" skipped="0">
  <testcase classname="com.flipkart_testng.TestNGClass" name="AddingTOCart" time="66.887"/>
  <system-out/>
</testsuite> <!-- com.flipkart_testng.TestNGClass -->
